-------------------------------------------------------------------------------
Test set: Sample_Test
-------------------------------------------------------------------------------
Tests run: 2, Failures: 1, Errors: 0, Skipped: 0, Time elapsed: 0.064 s <<< FAILURE! - in Sample_Test
MFE_GFS_Test(Sample_Test)  Time elapsed: 0.021 s  <<< FAILURE!
java.lang.AssertionError: 
	at Sample_Test.dummycode(Sample_Test.java:35)
	at Sample_Test.MFE_GFS_Test(Sample_Test.java:22)

